<?xml version="1.0" encoding="UTF-8"?>
<testsuite name="com.adventure.MT6" tests="3" skipped="0" failures="0" errors="0" timestamp="2023-12-19T01:27:04" hostname="DESKTOP-URGQT26" time="1.47">
  <properties/>
  <testcase name="testCommandHelp()" classname="com.adventure.MT6" time="1.452"/>
  <testcase name="testCommandMove()" classname="com.adventure.MT6" time="0.008"/>
  <testcase name="testCommandUse()" classname="com.adventure.MT6" time="0.005"/>
  <system-out><![CDATA[]]></system-out>
  <system-err><![CDATA[]]></system-err>
</testsuite>
