<?xml version="1.0" encoding="UTF-8"?>
<testsuite name="com.adventure.MT1" tests="1" skipped="0" failures="0" errors="0" timestamp="2023-12-06T03:30:38" hostname="DESKTOP-URGQT26" time="0.054">
  <properties/>
  <testcase name="smokeTest()" classname="com.adventure.MT1" time="0.054"/>
  <system-out><![CDATA[]]></system-out>
  <system-err><![CDATA[]]></system-err>
</testsuite>
